{
  "RSpec": {
    "coverage": {
      "/home/de/FOSS/celluloid-pool/lib/celluloid/pool.rb": [
        1,
        1,
        1,
        null,
        1,
        1,
        null,
        null,
        null,
        null,
        null,
        1,
        18,
        null,
        null,
        null,
        1,
        0
      ],
      "/home/de/FOSS/celluloid-pool/spec/celluloid/supervision_group_spec.rb": [
        1,
        null,
        1,
        1,
        1,
        1,
        null,
        1,
        1,
        0,
        null,
        1,
        null,
        1,
        1,
        null,
        null,
        null,
        1,
        0,
        0,
        null,
        0,
        0,
        0
      ],
      "/home/de/FOSS/celluloid-pool/lib/celluloid/pool_manager.rb": [
        1,
        null,
        1,
        null,
        null,
        null,
        1,
        1,
        1,
        1,
        null,
        1,
        18,
        18,
        null,
        18,
        18,
        null,
        90,
        null,
        null,
        null,
        18,
        null,
        null,
        1,
        36,
        50,
        50,
        null,
        null,
        null,
        null,
        32,
        null,
        null,
        1,
        58,
        null,
        58,
        58,
        null,
        0,
        0,
        0,
        null,
        0,
        null,
        58,
        58,
        58,
        null,
        null,
        null,
        58,
        null,
        null,
        null,
        null,
        1,
        0,
        null,
        null,
        1,
        0,
        null,
        null,
        1,
        0,
        null,
        null,
        1,
        0,
        null,
        null,
        1,
        0,
        null,
        null,
        1,
        0,
        null,
        null,
        1,
        6,
        null,
        null,
        1,
        2,
        null,
        2,
        1,
        3,
        null,
        2,
        2,
        2,
        2,
        2,
        null,
        null,
        2,
        null,
        null,
        1,
        0,
        null,
        null,
        1,
        0,
        null,
        null,
        null,
        1,
        61,
        61,
        null,
        3884,
        57,
        null,
        null,
        61,
        61,
        null,
        61,
        null,
        null,
        null,
        1,
        25,
        25,
        25,
        null,
        4,
        3,
        null,
        null,
        1,
        null,
        null,
        null,
        null,
        null,
        58,
        58,
        0,
        null,
        58,
        58,
        null,
        null,
        0,
        null,
        null,
        null,
        null,
        0,
        null,
        null,
        1,
        57,
        57,
        null,
        0,
        null,
        null,
        null,
        null,
        null,
        null,
        1,
        56,
        null,
        55
      ],
      "/home/de/FOSS/celluloid-pool/spec/celluloid/pool_manager_spec.rb": [
        1,
        1,
        null,
        1,
        1,
        null,
        1,
        61,
        0,
        null,
        61,
        null,
        null,
        null,
        1,
        40,
        40,
        40,
        null,
        null,
        1,
        1,
        null,
        null,
        1,
        null,
        1,
        null,
        null,
        1,
        null,
        1,
        null,
        null,
        null,
        1,
        4,
        44,
        44,
        null,
        null,
        7,
        null,
        19,
        null,
        19,
        19,
        null,
        1,
        1,
        null,
        null,
        1,
        1,
        1,
        1,
        null,
        null,
        1,
        1,
        2,
        1,
        null,
        null,
        1,
        1,
        null,
        1,
        101,
        null,
        1,
        1,
        null,
        null,
        1,
        2,
        null,
        null,
        1,
        1,
        10,
        null,
        1,
        null,
        null,
        1,
        3,
        null,
        1,
        1,
        null,
        1,
        1,
        null,
        1,
        null,
        null,
        1,
        1,
        null,
        1,
        1,
        1,
        null,
        null,
        null,
        1,
        7,
        null,
        2,
        2,
        2,
        null,
        2,
        2,
        null,
        1,
        1,
        1,
        null,
        null,
        null,
        null,
        1,
        5,
        null,
        1,
        4,
        null,
        1,
        3,
        null,
        null,
        null,
        3,
        3,
        null,
        null,
        null,
        1,
        1,
        1
      ]
    },
    "timestamp": 1428362660
  }
}
